
ROM used: 659 (8%)
          659 (8%) including unused fragments

          1 Average locations per line
          7 Average locations per statement

RAM used: 15 (4%) at main() level
          32 (9%) worst case

Stack used: 5 worst case (out of 8 total available)

Lines Stmts  %   Files
----- ----- ---  -----
   89    44  47  mth.c
  309     0   0  D:\Program Files\PICC\devices\16f877a.h
  118    49  53  ekran.h
----- -----
  516    93 Total

Page ROM  %  RAM   Vol Diff  Functions:
---- --- --- ---   --- ----  ----------
0     21   3   1             @delay_ms1
0      8   1   0             @const49
0     48   7   1   326  2.8  lcd_send_nibble
0     37   6   3   211  3.8  lcd_send_byte
0     44   7   2   354  4.7  lcd_init
0     27   4   3   321  5.5  lcd_gotoxy
0      8   1   0             @goto10094
0     40   6   1   313  4.7  lcd_putc
0    218  33   7  1393  8.3  MAIN
0     16   2   0             @const73
0     21   3   0             @const74
0      6   1   0             @const75
0     20   3   0             @const76
0     23   3   5             @MUL1616
0     17   3   0             @const80
0    101  15   9             @PRINTF_LU_63

Program metrics:
    Functions               6
    Statements              93
    Comments                116
    Volume (V)              4112
    Difficilty (D)          28.7
    Effort to implement (E) 118002
    Time to implement (T)   1 hours, 49 minutes
    Est Delivered Bugs (B)  1
    Cyclomatic Complexity   16
    Maintainability (MI)    117

 Segment     Used  Free
-----------  ----  ----
00000-00003     4  0  
00004-007FF   655  1389  
00800-00FFF     0  2048  
01000-017FF     0  2048  
01800-01FFF     0  2048  



