
ROM used: 58 (1%)
          58 (1%) including unused fragments

          0 Average locations per line
          10 Average locations per statement

RAM used: 12 (3%) at main() level
          12 (3%) worst case

Stack used: 0 worst case (out of 8 total available)

Lines Stmts  %   Files
----- ----- ---  -----
   21     6 100  robot.c
  285     0   0  C:\Program Files\PICC\devices\16f877.h
----- -----
  306     6 Total

Page ROM  %  RAM   Vol Diff  Functions:
---- --- --- ---   --- ----  ----------
0     54  93   0   132  2.2  main

Program metrics:
    Functions               1
    Statements              6
    Comments                68
    Volume (V)              132
    Difficilty (D)          2.2
    Effort to implement (E) 288
    Time to implement (T)   0 minutes
    Est Delivered Bugs (B)  0
    Cyclomatic Complexity   1
    Maintainability (MI)    127

 Segment     Used  Free
-----------  ----  ----
00000-00003     4  0  
00004-007FF    54  1990  
00800-00FFF     0  2048  
01000-017FF     0  2048  
01800-01FFF     0  2048  



