
ROM used: 556 (7%)
          556 (7%) including unused fragments

          1 Average locations per line
          5 Average locations per statement

RAM used: 8 (2%) at main() level
          9 (2%) worst case

Stack used: 1 worst case (out of 8 total available)

Lines Stmts  %   Files
----- ----- ---  -----
  151   103 100  trafik_lambasý.c
  309     0   0  C:\Program Files\PICC\devices\16f877a.h
----- -----
  460   103 Total

Page ROM  %  RAM   Vol Diff  Functions:
---- --- --- ---   --- ----  ----------
0     21   4   1             @delay_ms1
0    531  96   1  3149  2.5  main

Program metrics:
    Functions               1
    Statements              103
    Comments                74
    Volume (V)              3152
    Difficilty (D)          2.5
    Effort to implement (E) 7765
    Time to implement (T)   7 minutes
    Est Delivered Bugs (B)  0
    Cyclomatic Complexity   1
    Maintainability (MI)    88

 Segment     Used  Free
-----------  ----  ----
00000-00003     4  0  
00004-007FF   552  1492  
00800-00FFF     0  2048  
01000-017FF     0  2048  
01800-01FFF     0  2048  



