
ROM used: 3234 (39%)
          3928 (48%) including unused fragments

          6 Average locations per line
          19 Average locations per statement

RAM used: 59 (16%) at main() level
          85 (23%) worst case

Stack used: 5 worst case (out of 8 total available)

Lines Stmts  %   Files
----- ----- ---  -----
  161   124  72  VA.c
  309     0   0  D:\Program Files\PICC\devices\16f877a.h
  118    49  28  ekran.h
----- -----
  588   173 Total

Page ROM  %  RAM   Vol Diff  Functions:
---- --- --- ---   --- ----  ----------
0     21   1   1             @delay_ms1
0      8   0   0             @const49
0     48   1   1   326  2.8  lcd_send_nibble
0     37   1   3   211  3.8  lcd_send_byte
0     44   1   2   354  4.7  lcd_init
0     27   1   3   321  5.5  lcd_gotoxy
0      8   0   0             @goto10094
0     40   1   1   308  5.0  lcd_putc
1   1880  58   8  5704  9.7  MAIN
0      6   0   0             @const84
0     29   1   2             @ITOF
0    117   4  13             @MULFF
 Inline        5             @FTOSD
0     66   2  13             @DIV3232
0    231   7  13             @PRINTF_L32D_63FPFPF
0     63   2  10             @FLT
0    202   6  14             @DIVFF
0     31   1   4             @SFTOI
0     11   0   0             @const109
0     20   1   0             @const110
0     20   1   0             @const115
0    321  10  16             @ADDFF

Program metrics:
    Functions               6
    Statements              173
    Comments                94
    Volume (V)              8816
    Difficilty (D)          31.2
    Effort to implement (E) 275345
    Time to implement (T)   4 hours, 15 minutes
    Est Delivered Bugs (B)  1
    Cyclomatic Complexity   17
    Maintainability (MI)    70

 Segment     Used  Free
-----------  ----  ----
00000-00003     4  0  
00004-007FF  1350  694  
00800-00FFF  1880  168  
01000-017FF     0  2048  
01800-01FFF     0  2048  



